<?xml version="1.0" encoding="UTF-8"?>
<!-- Generated by org.testng.reporters.JUnitReportReporter -->
<testsuite hostname="cod310118" name="autotest.yandex.YandexMainPageTest" tests="2" failures="0" timestamp="5 Mar 2018 08:26:08 GMT" time="4.857" errors="0">
  <testcase name="LanguageTest" time="3.433" classname="autotest.yandex.YandexMainPageTest"/>
  <testcase name="WeatherTest" time="1.424" classname="autotest.yandex.YandexMainPageTest"/>
</testsuite> <!-- autotest.yandex.YandexMainPageTest -->
